[debug] [2026-06-22T06:09:44.160Z] ----------------------------------------------------------------------
[debug] [2026-06-22T06:09:44.164Z] Command:       C:\Program Files\nodejs\node.exe C:\Users\Rickyy\AppData\Roaming\npm\node_modules\firebase-tools\lib\bin\firebase.js init
[debug] [2026-06-22T06:09:44.165Z] CLI Version:   15.22.0
[debug] [2026-06-22T06:09:44.165Z] Platform:      win32
[debug] [2026-06-22T06:09:44.165Z] Node Version:  v24.16.0
[debug] [2026-06-22T06:09:44.166Z] Detected Agent: unknown
[debug] [2026-06-22T06:09:44.166Z] Time:          Mon Jun 22 2026 13:09:44 GMT+0700 (Western Indonesia Time)
[debug] [2026-06-22T06:09:44.166Z] ----------------------------------------------------------------------
[debug] 
[info] 
     ######## #### ########  ######## ########     ###     ######  ########
     ##        ##  ##     ## ##       ##     ##  ##   ##  ##       ##
     ######    ##  ########  ######   ########  #########  ######  ######
     ##        ##  ##    ##  ##       ##     ## ##     ##       ## ##
     ##       #### ##     ## ######## ########  ##     ##  ######  ########

You're about to initialize a Firebase project in this directory:

  C:\xampp\htdocs\ereport

Before we get started, keep in mind:

  * You are currently outside your home directory

[info] 
=== Project Setup
[info] 
[info] First, let's associate this project directory with a Firebase project.
[info] You can create multiple project aliases by running firebase use --add, 
[info] 
[debug] [2026-06-22T06:10:16.315Z] > command requires scopes: ["email","openid","https://www.googleapis.com/auth/cloudplatformprojects.readonly","https://www.googleapis.com/auth/firebase","https://www.googleapis.com/auth/cloud-platform"]
[debug] [2026-06-22T06:10:16.316Z] > authorizing via signed-in user (putrilaras584@gmail.com)
[debug] [2026-06-22T06:10:16.318Z] Checked if tokens are valid: true, expires at: 1782112172382
[debug] [2026-06-22T06:10:16.319Z] Checked if tokens are valid: true, expires at: 1782112172382
[debug] [2026-06-22T06:10:16.320Z] >>> [apiv2][query] GET https://firebase.googleapis.com/v1beta1/projects pageSize=100
[debug] [2026-06-22T06:10:17.132Z] <<< [apiv2][status] GET https://firebase.googleapis.com/v1beta1/projects 200
[debug] [2026-06-22T06:10:17.132Z] <<< [apiv2][body] GET https://firebase.googleapis.com/v1beta1/projects [omitted]
[info] 
=== Dataconnect Setup
[info] i  dataconnect: ensuring required API firebasedataconnect.googleapis.com is enabled... 
[debug] [2026-06-22T06:10:22.302Z] Checked if tokens are valid: true, expires at: 1782112172382
[debug] [2026-06-22T06:10:22.302Z] Checked if tokens are valid: true, expires at: 1782112172382
[info] i  dataconnect: ensuring required API sqladmin.googleapis.com is enabled... 
[debug] [2026-06-22T06:10:22.304Z] Checked if tokens are valid: true, expires at: 1782112172382
[debug] [2026-06-22T06:10:22.304Z] Checked if tokens are valid: true, expires at: 1782112172382
[debug] [2026-06-22T06:10:22.304Z] >>> [apiv2][query] GET https://serviceusage.googleapis.com/v1/projects/ereport-6f9c3/services/firebasedataconnect.googleapis.com [none]
[debug] [2026-06-22T06:10:22.304Z] >>> [apiv2][(partial)header] GET https://serviceusage.googleapis.com/v1/projects/ereport-6f9c3/services/firebasedataconnect.googleapis.com  x-goog-user-project=ereport-6f9c3
[debug] [2026-06-22T06:10:22.306Z] >>> [apiv2][query] GET https://serviceusage.googleapis.com/v1/projects/ereport-6f9c3/services/sqladmin.googleapis.com [none]
[debug] [2026-06-22T06:10:22.306Z] >>> [apiv2][(partial)header] GET https://serviceusage.googleapis.com/v1/projects/ereport-6f9c3/services/sqladmin.googleapis.com  x-goog-user-project=ereport-6f9c3
[debug] [2026-06-22T06:10:23.801Z] <<< [apiv2][status] GET https://serviceusage.googleapis.com/v1/projects/ereport-6f9c3/services/sqladmin.googleapis.com 200
[debug] [2026-06-22T06:10:23.801Z] <<< [apiv2][body] GET https://serviceusage.googleapis.com/v1/projects/ereport-6f9c3/services/sqladmin.googleapis.com [omitted]
[warn] !  dataconnect: missing required API sqladmin.googleapis.com. Enabling now... 
[debug] [2026-06-22T06:10:23.803Z] Checked if tokens are valid: true, expires at: 1782112172382
[debug] [2026-06-22T06:10:23.803Z] Checked if tokens are valid: true, expires at: 1782112172382
[debug] [2026-06-22T06:10:23.803Z] >>> [apiv2][query] POST https://serviceusage.googleapis.com/v1/projects/ereport-6f9c3/services/sqladmin.googleapis.com:enable [none]
[debug] [2026-06-22T06:10:23.803Z] >>> [apiv2][(partial)header] POST https://serviceusage.googleapis.com/v1/projects/ereport-6f9c3/services/sqladmin.googleapis.com:enable  x-goog-user-project=ereport-6f9c3
[debug] [2026-06-22T06:10:23.870Z] <<< [apiv2][status] GET https://serviceusage.googleapis.com/v1/projects/ereport-6f9c3/services/firebasedataconnect.googleapis.com 200
[debug] [2026-06-22T06:10:23.870Z] <<< [apiv2][body] GET https://serviceusage.googleapis.com/v1/projects/ereport-6f9c3/services/firebasedataconnect.googleapis.com [omitted]
[warn] !  dataconnect: missing required API firebasedataconnect.googleapis.com. Enabling now... 
[debug] [2026-06-22T06:10:23.871Z] Checked if tokens are valid: true, expires at: 1782112172382
[debug] [2026-06-22T06:10:23.871Z] Checked if tokens are valid: true, expires at: 1782112172382
[debug] [2026-06-22T06:10:23.872Z] >>> [apiv2][query] POST https://serviceusage.googleapis.com/v1/projects/ereport-6f9c3/services/firebasedataconnect.googleapis.com:enable [none]
[debug] [2026-06-22T06:10:23.872Z] >>> [apiv2][(partial)header] POST https://serviceusage.googleapis.com/v1/projects/ereport-6f9c3/services/firebasedataconnect.googleapis.com:enable  x-goog-user-project=ereport-6f9c3
[debug] [2026-06-22T06:10:24.396Z] <<< [apiv2][status] POST https://serviceusage.googleapis.com/v1/projects/ereport-6f9c3/services/firebasedataconnect.googleapis.com:enable 200
[debug] [2026-06-22T06:10:24.396Z] <<< [apiv2][body] POST https://serviceusage.googleapis.com/v1/projects/ereport-6f9c3/services/firebasedataconnect.googleapis.com:enable [omitted]
[debug] [2026-06-22T06:10:24.454Z] <<< [apiv2][status] POST https://serviceusage.googleapis.com/v1/projects/ereport-6f9c3/services/sqladmin.googleapis.com:enable 200
[debug] [2026-06-22T06:10:24.454Z] <<< [apiv2][body] POST https://serviceusage.googleapis.com/v1/projects/ereport-6f9c3/services/sqladmin.googleapis.com:enable [omitted]
[debug] [2026-06-22T06:10:34.488Z] Checked if tokens are valid: true, expires at: 1782112172382
[debug] [2026-06-22T06:10:34.489Z] Checked if tokens are valid: true, expires at: 1782112172382
[debug] [2026-06-22T06:10:34.489Z] >>> [apiv2][query] GET https://firebasedataconnect.googleapis.com/v1/projects/ereport-6f9c3/locations/-/services [none]
[debug] [2026-06-22T06:10:36.236Z] <<< [apiv2][status] GET https://firebasedataconnect.googleapis.com/v1/projects/ereport-6f9c3/locations/-/services 200
[debug] [2026-06-22T06:10:36.237Z] <<< [apiv2][body] GET https://firebasedataconnect.googleapis.com/v1/projects/ereport-6f9c3/locations/-/services {}
[debug] [2026-06-22T06:10:59.885Z] Checked if tokens are valid: true, expires at: 1782112172382
[debug] [2026-06-22T06:10:59.885Z] Checked if tokens are valid: true, expires at: 1782112172382
[debug] [2026-06-22T06:10:59.885Z] >>> [apiv2][query] GET https://cloudbilling.googleapis.com/v1/projects/ereport-6f9c3/billingInfo [none]
[debug] [2026-06-22T06:11:00.557Z] <<< [apiv2][status] GET https://cloudbilling.googleapis.com/v1/projects/ereport-6f9c3/billingInfo 200
[debug] [2026-06-22T06:11:00.557Z] <<< [apiv2][body] GET https://cloudbilling.googleapis.com/v1/projects/ereport-6f9c3/billingInfo {"name":"projects/ereport-6f9c3/billingInfo","projectId":"ereport-6f9c3","billingAccountName":"","billingEnabled":false}
[debug] [2026-06-22T06:11:00.564Z] Checked if tokens are valid: true, expires at: 1782112172382
[debug] [2026-06-22T06:11:00.564Z] Checked if tokens are valid: true, expires at: 1782112172382
[debug] [2026-06-22T06:11:00.564Z] >>> [apiv2][query] GET https://monitoring.googleapis.com/v3/projects/ereport-6f9c3/timeSeries/ filter=metric.type%3D%22serviceruntime.googleapis.com%2Fquota%2Fallocation%2Fusage%22+AND+metric.label.quota_metric+%3D+%22sqladmin.googleapis.com%2Ffdc_lifetime_free_trial_per_project%22&interval.endTime=2026-06-22T06%3A11%3A00.563Z&interval.startTime=2026-06-15T06%3A11%3A00.558Z
[debug] [2026-06-22T06:11:02.066Z] <<< [apiv2][status] GET https://monitoring.googleapis.com/v3/projects/ereport-6f9c3/timeSeries/ 200
[debug] [2026-06-22T06:11:02.067Z] <<< [apiv2][body] GET https://monitoring.googleapis.com/v3/projects/ereport-6f9c3/timeSeries/ {"unit":"1"}
[info] +  dataconnect: CloudSQL no cost trial available! 
[debug] [2026-06-22T06:11:02.070Z] Checked if tokens are valid: true, expires at: 1782112172382
[debug] [2026-06-22T06:11:02.070Z] Checked if tokens are valid: true, expires at: 1782112172382
[debug] [2026-06-22T06:11:02.071Z] >>> [apiv2][query] GET https://sqladmin.googleapis.com/v1/projects/ereport-6f9c3/instances [none]
[debug] [2026-06-22T06:11:02.971Z] <<< [apiv2][status] GET https://sqladmin.googleapis.com/v1/projects/ereport-6f9c3/instances 200
[debug] [2026-06-22T06:11:02.971Z] <<< [apiv2][body] GET https://sqladmin.googleapis.com/v1/projects/ereport-6f9c3/instances {}
[debug] [2026-06-22T06:11:02.973Z] Checked if tokens are valid: true, expires at: 1782112172382
[debug] [2026-06-22T06:11:02.973Z] Checked if tokens are valid: true, expires at: 1782112172382
[debug] [2026-06-22T06:11:02.973Z] >>> [apiv2][query] GET https://firebasedataconnect.googleapis.com/v1/projects/ereport-6f9c3/locations [none]
[debug] [2026-06-22T06:11:04.543Z] <<< [apiv2][status] GET https://firebasedataconnect.googleapis.com/v1/projects/ereport-6f9c3/locations 200
[debug] [2026-06-22T06:11:04.543Z] <<< [apiv2][body] GET https://firebasedataconnect.googleapis.com/v1/projects/ereport-6f9c3/locations {"locations":[{"name":"projects/ereport-6f9c3/locations/asia-east1","locationId":"asia-east1","displayName":"Taiwan"},{"name":"projects/ereport-6f9c3/locations/asia-east2","locationId":"asia-east2","displayName":"Hong Kong"},{"name":"projects/ereport-6f9c3/locations/asia-northeast1","locationId":"asia-northeast1","displayName":"Tokyo"},{"name":"projects/ereport-6f9c3/locations/asia-northeast2","locationId":"asia-northeast2","displayName":"Osaka"},{"name":"projects/ereport-6f9c3/locations/asia-northeast3","locationId":"asia-northeast3","displayName":"Seoul"},{"name":"projects/ereport-6f9c3/locations/asia-south1","locationId":"asia-south1","displayName":"Mumbai"},{"name":"projects/ereport-6f9c3/locations/asia-southeast1","locationId":"asia-southeast1","displayName":"Singapore"},{"name":"projects/ereport-6f9c3/locations/asia-southeast2","locationId":"asia-southeast2","displayName":"Jakarta"},{"name":"projects/ereport-6f9c3/locations/australia-southeast1","locationId":"australia-southeast1","displayName":"Sydney"},{"name":"projects/ereport-6f9c3/locations/australia-southeast2","locationId":"australia-southeast2","displayName":"Melbourne"},{"name":"projects/ereport-6f9c3/locations/europe-central2","locationId":"europe-central2","displayName":"Warsaw"},{"name":"projects/ereport-6f9c3/locations/europe-north1","locationId":"europe-north1","displayName":"Finland"},{"name":"projects/ereport-6f9c3/locations/europe-southwest1","locationId":"europe-southwest1","displayName":"Madrid"},{"name":"projects/ereport-6f9c3/locations/europe-west1","locationId":"europe-west1","displayName":"Belgium"},{"name":"projects/ereport-6f9c3/locations/europe-west2","locationId":"europe-west2","displayName":"London"},{"name":"projects/ereport-6f9c3/locations/europe-west3","locationId":"europe-west3","displayName":"Frankfurt"},{"name":"projects/ereport-6f9c3/locations/europe-west4","locationId":"europe-west4","displayName":"Netherlands"},{"name":"projects/ereport-6f9c3/locations/europe-west6","locationId":"europe-west6","displayName":"Zurich"},{"name":"projects/ereport-6f9c3/locations/europe-west8","locationId":"europe-west8","displayName":"Milan"},{"name":"projects/ereport-6f9c3/locations/europe-west9","locationId":"europe-west9","displayName":"Paris"},{"name":"projects/ereport-6f9c3/locations/me-west1","locationId":"me-west1","displayName":"Tel Aviv"},{"name":"projects/ereport-6f9c3/locations/northamerica-northeast1","locationId":"northamerica-northeast1","displayName":"Montréal"},{"name":"projects/ereport-6f9c3/locations/northamerica-northeast2","locationId":"northamerica-northeast2","displayName":"Toronto"},{"name":"projects/ereport-6f9c3/locations/southamerica-east1","locationId":"southamerica-east1","displayName":"São Paulo"},{"name":"projects/ereport-6f9c3/locations/southamerica-west1","locationId":"southamerica-west1","displayName":"Santiago"},{"name":"projects/ereport-6f9c3/locations/us-central1","locationId":"us-central1","displayName":"Iowa"},{"name":"projects/ereport-6f9c3/locations/us-east1","locationId":"us-east1","displayName":"South Carolina"},{"name":"projects/ereport-6f9c3/locations/us-east4","locationId":"us-east4","displayName":"Northern Virginia"},{"name":"projects/ereport-6f9c3/locations/us-south1","locationId":"us-south1","displayName":"Dallas"},{"name":"projects/ereport-6f9c3/locations/us-west1","locationId":"us-west1","displayName":"Oregon"},{"name":"projects/ereport-6f9c3/locations/us-west2","locationId":"us-west2","displayName":"Los Angeles"},{"name":"projects/ereport-6f9c3/locations/us-west3","locationId":"us-west3","displayName":"Salt Lake City"},{"name":"projects/ereport-6f9c3/locations/us-west4","locationId":"us-west4","displayName":"Las Vegas"}]}
[info] +  dataconnect: Detected existing apps . (web) 
[debug] [2026-06-22T06:11:34.483Z] Checked if tokens are valid: true, expires at: 1782112172382
[debug] [2026-06-22T06:11:34.483Z] Checked if tokens are valid: true, expires at: 1782112172382
[debug] [2026-06-22T06:11:34.483Z] >>> [apiv2][query] GET https://sqladmin.googleapis.com/v1/projects/ereport-6f9c3/instances/ereport-fdc [none]
[debug] [2026-06-22T06:11:35.095Z] <<< [apiv2][status] GET https://sqladmin.googleapis.com/v1/projects/ereport-6f9c3/instances/ereport-fdc 404
[debug] [2026-06-22T06:11:35.095Z] <<< [apiv2][body] GET https://sqladmin.googleapis.com/v1/projects/ereport-6f9c3/instances/ereport-fdc {"error":{"code":404,"message":"The Cloud SQL instance does not exist.","errors":[{"message":"The Cloud SQL instance does not exist.","domain":"global","reason":"instanceDoesNotExist"}]}}
[debug] [2026-06-22T06:11:35.097Z] Checked if tokens are valid: true, expires at: 1782112172382
[debug] [2026-06-22T06:11:35.097Z] Checked if tokens are valid: true, expires at: 1782112172382
[debug] [2026-06-22T06:11:35.097Z] >>> [apiv2][query] GET https://monitoring.googleapis.com/v3/projects/ereport-6f9c3/timeSeries/ filter=metric.type%3D%22serviceruntime.googleapis.com%2Fquota%2Fallocation%2Fusage%22+AND+metric.label.quota_metric+%3D+%22sqladmin.googleapis.com%2Ffdc_lifetime_free_trial_per_project%22&interval.endTime=2026-06-22T06%3A11%3A35.096Z&interval.startTime=2026-06-15T06%3A11%3A35.096Z
[debug] [2026-06-22T06:11:36.711Z] <<< [apiv2][status] GET https://monitoring.googleapis.com/v3/projects/ereport-6f9c3/timeSeries/ 200
[debug] [2026-06-22T06:11:36.711Z] <<< [apiv2][body] GET https://monitoring.googleapis.com/v3/projects/ereport-6f9c3/timeSeries/ {"unit":"1"}
[debug] [2026-06-22T06:11:36.712Z] Checked if tokens are valid: true, expires at: 1782112172382
[debug] [2026-06-22T06:11:36.712Z] Checked if tokens are valid: true, expires at: 1782112172382
[debug] [2026-06-22T06:11:36.712Z] >>> [apiv2][query] POST https://sqladmin.googleapis.com/v1/projects/ereport-6f9c3/instances [none]
[debug] [2026-06-22T06:11:36.712Z] >>> [apiv2][body] POST https://sqladmin.googleapis.com/v1/projects/ereport-6f9c3/instances {"name":"ereport-fdc","region":"us-central1","databaseVersion":"POSTGRES_18","settings":{"tier":"db-f1-micro","edition":"ENTERPRISE","ipConfiguration":{"authorizedNetworks":[]},"enableGoogleMlIntegration":false,"databaseFlags":[{"name":"cloudsql.iam_authentication","value":"on"}],"storageAutoResize":false,"userLabels":{"firebase-data-connect":"ft"},"insightsConfig":{"queryInsightsEnabled":true,"queryPlansPerMinute":5,"queryStringLength":1024}}}
[debug] [2026-06-22T06:11:38.679Z] <<< [apiv2][status] POST https://sqladmin.googleapis.com/v1/projects/ereport-6f9c3/instances 200
[debug] [2026-06-22T06:11:38.680Z] <<< [apiv2][body] POST https://sqladmin.googleapis.com/v1/projects/ereport-6f9c3/instances {"kind":"sql#operation","targetLink":"https://sqladmin.googleapis.com/v1/projects/ereport-6f9c3/instances/ereport-fdc","status":"PENDING","user":"putrilaras584@gmail.com","insertTime":"2026-06-22T06:11:38.521Z","operationType":"CREATE","name":"f16aa241-75c6-45fa-b89f-e35400000032","targetId":"ereport-fdc","selfLink":"https://sqladmin.googleapis.com/v1/projects/ereport-6f9c3/operations/f16aa241-75c6-45fa-b89f-e35400000032","targetProject":"ereport-6f9c3"}
[debug] [2026-06-22T06:11:38.680Z] Checked if tokens are valid: true, expires at: 1782112172382
[debug] [2026-06-22T06:11:38.680Z] Checked if tokens are valid: true, expires at: 1782112172382
[debug] [2026-06-22T06:11:38.680Z] >>> [apiv2][query] GET https://cloudbilling.googleapis.com/v1/projects/ereport-6f9c3/billingInfo [none]
[debug] [2026-06-22T06:11:40.236Z] <<< [apiv2][status] GET https://cloudbilling.googleapis.com/v1/projects/ereport-6f9c3/billingInfo 200
[debug] [2026-06-22T06:11:40.236Z] <<< [apiv2][body] GET https://cloudbilling.googleapis.com/v1/projects/ereport-6f9c3/billingInfo {"name":"projects/ereport-6f9c3/billingInfo","projectId":"ereport-6f9c3","billingAccountName":"","billingEnabled":false}
[info] i  dataconnect: Cloud SQL Instance ereport-fdc is being created.
This instance is provided under the terms of the SQL Connect no-cost trial https://firebase.google.com/pricing

   Meanwhile, your data are saved in a temporary database and will be migrated once complete. 
   Your free trial instance won't show in google cloud console until a billing account is added.
   However, you can still use the gcloud cli to monitor your database instance:

	e.g. gcloud sql instances list --project ereport-6f9c3
 
[debug] [2026-06-22T06:11:40.259Z] Checked if tokens are valid: true, expires at: 1782112172382
[debug] [2026-06-22T06:11:40.260Z] Checked if tokens are valid: true, expires at: 1782112172382
[debug] [2026-06-22T06:11:40.260Z] >>> [apiv2][query] POST https://firebasedataconnect.googleapis.com/v1/projects/ereport-6f9c3/locations/us-central1/services service_id=ereport
[debug] [2026-06-22T06:11:40.260Z] >>> [apiv2][body] POST https://firebasedataconnect.googleapis.com/v1/projects/ereport-6f9c3/locations/us-central1/services {"name":"projects/ereport-6f9c3/locations/us-central1/services/ereport"}
[debug] [2026-06-22T06:11:42.927Z] <<< [apiv2][status] POST https://firebasedataconnect.googleapis.com/v1/projects/ereport-6f9c3/locations/us-central1/services 200
[debug] [2026-06-22T06:11:42.927Z] <<< [apiv2][body] POST https://firebasedataconnect.googleapis.com/v1/projects/ereport-6f9c3/locations/us-central1/services {"name":"projects/ereport-6f9c3/locations/us-central1/operations/operation-1782108701675-654d1841d50d0-0f35bae4-a847d730","metadata":{"@type":"type.googleapis.com/google.firebase.dataconnect.v1.OperationMetadata","createTime":"2026-06-22T06:11:42.745379956Z","target":"projects/ereport-6f9c3/locations/us-central1/services/ereport","verb":"create","requestedCancellation":false,"apiVersion":"v1"},"done":false}
[debug] [2026-06-22T06:11:42.929Z] Checked if tokens are valid: true, expires at: 1782112172382
[debug] [2026-06-22T06:11:42.929Z] Checked if tokens are valid: true, expires at: 1782112172382
[debug] [2026-06-22T06:11:42.929Z] >>> [apiv2][query] GET https://firebasedataconnect.googleapis.com/v1/projects/ereport-6f9c3/locations/us-central1/operations/operation-1782108701675-654d1841d50d0-0f35bae4-a847d730 [none]
[debug] [2026-06-22T06:11:43.311Z] <<< [apiv2][status] GET https://firebasedataconnect.googleapis.com/v1/projects/ereport-6f9c3/locations/us-central1/operations/operation-1782108701675-654d1841d50d0-0f35bae4-a847d730 200
[debug] [2026-06-22T06:11:43.311Z] <<< [apiv2][body] GET https://firebasedataconnect.googleapis.com/v1/projects/ereport-6f9c3/locations/us-central1/operations/operation-1782108701675-654d1841d50d0-0f35bae4-a847d730 {"name":"projects/ereport-6f9c3/locations/us-central1/operations/operation-1782108701675-654d1841d50d0-0f35bae4-a847d730","metadata":{"@type":"type.googleapis.com/google.firebase.dataconnect.v1.OperationMetadata","createTime":"2026-06-22T06:11:42.745379956Z","target":"projects/ereport-6f9c3/locations/us-central1/services/ereport","verb":"create","requestedCancellation":false,"apiVersion":"v1"},"done":false}
[debug] [2026-06-22T06:11:43.819Z] [LRO Poller] Retrying task index 0
[debug] [2026-06-22T06:11:43.820Z] Checked if tokens are valid: true, expires at: 1782112172382
[debug] [2026-06-22T06:11:43.821Z] Checked if tokens are valid: true, expires at: 1782112172382
[debug] [2026-06-22T06:11:43.821Z] >>> [apiv2][query] GET https://firebasedataconnect.googleapis.com/v1/projects/ereport-6f9c3/locations/us-central1/operations/operation-1782108701675-654d1841d50d0-0f35bae4-a847d730 [none]
[debug] [2026-06-22T06:11:44.210Z] <<< [apiv2][status] GET https://firebasedataconnect.googleapis.com/v1/projects/ereport-6f9c3/locations/us-central1/operations/operation-1782108701675-654d1841d50d0-0f35bae4-a847d730 200
[debug] [2026-06-22T06:11:44.210Z] <<< [apiv2][body] GET https://firebasedataconnect.googleapis.com/v1/projects/ereport-6f9c3/locations/us-central1/operations/operation-1782108701675-654d1841d50d0-0f35bae4-a847d730 {"name":"projects/ereport-6f9c3/locations/us-central1/operations/operation-1782108701675-654d1841d50d0-0f35bae4-a847d730","metadata":{"@type":"type.googleapis.com/google.firebase.dataconnect.v1.OperationMetadata","createTime":"2026-06-22T06:11:42.745379956Z","target":"projects/ereport-6f9c3/locations/us-central1/services/ereport","verb":"create","requestedCancellation":false,"apiVersion":"v1"},"done":false}
[debug] [2026-06-22T06:11:45.216Z] [LRO Poller] Retrying task index 0
[debug] [2026-06-22T06:11:45.217Z] Checked if tokens are valid: true, expires at: 1782112172382
[debug] [2026-06-22T06:11:45.217Z] Checked if tokens are valid: true, expires at: 1782112172382
[debug] [2026-06-22T06:11:45.217Z] >>> [apiv2][query] GET https://firebasedataconnect.googleapis.com/v1/projects/ereport-6f9c3/locations/us-central1/operations/operation-1782108701675-654d1841d50d0-0f35bae4-a847d730 [none]
[debug] [2026-06-22T06:11:45.527Z] <<< [apiv2][status] GET https://firebasedataconnect.googleapis.com/v1/projects/ereport-6f9c3/locations/us-central1/operations/operation-1782108701675-654d1841d50d0-0f35bae4-a847d730 200
[debug] [2026-06-22T06:11:45.527Z] <<< [apiv2][body] GET https://firebasedataconnect.googleapis.com/v1/projects/ereport-6f9c3/locations/us-central1/operations/operation-1782108701675-654d1841d50d0-0f35bae4-a847d730 {"name":"projects/ereport-6f9c3/locations/us-central1/operations/operation-1782108701675-654d1841d50d0-0f35bae4-a847d730","metadata":{"@type":"type.googleapis.com/google.firebase.dataconnect.v1.OperationMetadata","createTime":"2026-06-22T06:11:42.745379956Z","endTime":"2026-06-22T06:11:44.103087524Z","target":"projects/ereport-6f9c3/locations/us-central1/services/ereport","verb":"create","requestedCancellation":false,"apiVersion":"v1"},"done":true,"response":{"@type":"type.googleapis.com/google.firebase.dataconnect.v1.Service","name":"projects/ereport-6f9c3/locations/us-central1/services/ereport","createTime":"2026-06-22T06:11:42.731776263Z","updateTime":"2026-06-22T06:11:42.731776263Z","uid":"be1dd899-a736-4b0e-b2dd-6b9e331e54ed","reconciling":false,"etag":"GxjHBXW8TRPQHTXRP4QoFvuMIZwyeOkZrHXINO7G0HQ"}}
[debug] [2026-06-22T06:11:45.534Z] [Agent Service] Reusable cURL command:\ncurl -X POST "https://firebasedataconnect.googleapis.com/v1/projects/ereport-6f9c3/locations/us-central1/services/-:generateSchema" -H "Content-Type: application/json" -H "Authorization: Bearer $(gcloud auth print-access-token)" -d '{"name":"projects/ereport-6f9c3/locations/us-central1/services/-","prompt":"ereport for warga"}'
[debug] [2026-06-22T06:11:45.535Z] Checked if tokens are valid: true, expires at: 1782112172382
[debug] [2026-06-22T06:11:45.535Z] Checked if tokens are valid: true, expires at: 1782112172382
[debug] [2026-06-22T06:11:45.535Z] >>> [apiv2][query] POST https://firebasedataconnect.googleapis.com/v1/projects/ereport-6f9c3/locations/us-central1/services/-:generateSchema [none]
[debug] [2026-06-22T06:11:45.535Z] >>> [apiv2][body] POST https://firebasedataconnect.googleapis.com/v1/projects/ereport-6f9c3/locations/us-central1/services/-:generateSchema {"name":"projects/ereport-6f9c3/locations/us-central1/services/-","prompt":"ereport for warga"}
[debug] [2026-06-22T06:11:46.925Z] <<< [apiv2][status] POST https://firebasedataconnect.googleapis.com/v1/projects/ereport-6f9c3/locations/us-central1/services/-:generateSchema 200
[debug] [2026-06-22T06:11:46.926Z] <<< [apiv2][body] POST https://firebasedataconnect.googleapis.com/v1/projects/ereport-6f9c3/locations/us-central1/services/-:generateSchema [stream]
[debug] [2026-06-22T06:11:50.657Z] Checked if tokens are valid: true, expires at: 1782112172382
[debug] [2026-06-22T06:11:50.657Z] Checked if tokens are valid: true, expires at: 1782112172382
[debug] [2026-06-22T06:11:50.657Z] [Agent Service] Reusable cURL command:\ncurl -X POST "https://firebasedataconnect.googleapis.com/v1/projects/ereport-6f9c3/locations/us-central1/services/-:generateQuery" -H "Content-Type: application/json" -H "Authorization: Bearer $(gcloud auth print-access-token)" -d '{"name":"projects/ereport-6f9c3/locations/us-central1/services/-","prompt":"Create 4 operations for an app using the instance schema with proper authentication.","schemas":[{"name":"projects/ereport-6f9c3/locations/us-central1/services/ereport/schemas/main","datasources":[],"source":{"files":[{"path":"schema.gql","content":"type User @table {\n  fullName: String!\n  email: String!\n  role: String!\n  neighborhoodCode: String!\n  phoneNumber: String\n  avatarUrl: String\n}\n\ntype Category @table {\n  name: String!\n  iconUrl: String\n}\n\ntype Report @table {\n  title: String!\n  description: String!\n  latitude: Float!\n  longitude: Float!\n  status: String!\n  createdAt: Timestamp!\n  imageUrl: String\n  resolutionNotes: String\n  reporter: User!\n  category: Category\n}\n\ntype Comment @table {\n  content: String!\n  createdAt: Timestamp!\n  attachmentUrl: String\n  report: Report!\n  author: User!\n}\n\ntype Vote @table {\n  createdAt: Timestamp!\n  report: Report!\n  user: User!\n}"}]}}]}'
[debug] [2026-06-22T06:11:50.658Z] Checked if tokens are valid: true, expires at: 1782112172382
[debug] [2026-06-22T06:11:50.658Z] Checked if tokens are valid: true, expires at: 1782112172382
[debug] [2026-06-22T06:11:50.658Z] [Agent Service] Reusable cURL command:\ncurl -X POST "https://firebasedataconnect.googleapis.com/v1/projects/ereport-6f9c3/locations/us-central1/services/-:generateQuery" -H "Content-Type: application/json" -H "Authorization: Bearer $(gcloud auth print-access-token)" -d '{"name":"projects/ereport-6f9c3/locations/us-central1/services/-","prompt":"Create a mutation to populate the database with some seed data.","schemas":[{"name":"projects/ereport-6f9c3/locations/us-central1/services/ereport/schemas/main","datasources":[],"source":{"files":[{"path":"schema.gql","content":"type User @table {\n  fullName: String!\n  email: String!\n  role: String!\n  neighborhoodCode: String!\n  phoneNumber: String\n  avatarUrl: String\n}\n\ntype Category @table {\n  name: String!\n  iconUrl: String\n}\n\ntype Report @table {\n  title: String!\n  description: String!\n  latitude: Float!\n  longitude: Float!\n  status: String!\n  createdAt: Timestamp!\n  imageUrl: String\n  resolutionNotes: String\n  reporter: User!\n  category: Category\n}\n\ntype Comment @table {\n  content: String!\n  createdAt: Timestamp!\n  attachmentUrl: String\n  report: Report!\n  author: User!\n}\n\ntype Vote @table {\n  createdAt: Timestamp!\n  report: Report!\n  user: User!\n}"}]}}]}'
[debug] [2026-06-22T06:11:50.658Z] Checked if tokens are valid: true, expires at: 1782112172382
[debug] [2026-06-22T06:11:50.658Z] Checked if tokens are valid: true, expires at: 1782112172382
[debug] [2026-06-22T06:11:50.658Z] >>> [apiv2][query] PATCH https://firebasedataconnect.googleapis.com/v1/projects/ereport-6f9c3/locations/us-central1/services/ereport/schemas/main allowMissing=true&validateOnly=false
[debug] [2026-06-22T06:11:50.658Z] >>> [apiv2][body] PATCH https://firebasedataconnect.googleapis.com/v1/projects/ereport-6f9c3/locations/us-central1/services/ereport/schemas/main {"name":"projects/ereport-6f9c3/locations/us-central1/services/ereport/schemas/main","datasources":[{"postgresql":{"database":"fdcdb","cloudSql":{"instance":"projects/ereport-6f9c3/locations/us-central1/instances/ereport-fdc"},"schemaValidation":"NONE"}}],"source":{"files":[{"path":"schema.gql","content":"type User @table {\n  fullName: String!\n  email: String!\n  role: String!\n  neighborhoodCode: String!\n  phoneNumber: String\n  avatarUrl: String\n}\n\ntype Category @table {\n  name: String!\n  iconUrl: String\n}\n\ntype Report @table {\n  title: String!\n  description: String!\n  latitude: Float!\n  longitude: Float!\n  status: String!\n  createdAt: Timestamp!\n  imageUrl: String\n  resolutionNotes: String\n  reporter: User!\n  category: Category\n}\n\ntype Comment @table {\n  content: String!\n  createdAt: Timestamp!\n  attachmentUrl: String\n  report: Report!\n  author: User!\n}\n\ntype Vote @table {\n  createdAt: Timestamp!\n  report: Report!\n  user: User!\n}"}]}}
[debug] [2026-06-22T06:11:50.659Z] >>> [apiv2][query] POST https://firebasedataconnect.googleapis.com/v1/projects/ereport-6f9c3/locations/us-central1/services/-:generateQuery [none]
[debug] [2026-06-22T06:11:50.659Z] >>> [apiv2][body] POST https://firebasedataconnect.googleapis.com/v1/projects/ereport-6f9c3/locations/us-central1/services/-:generateQuery {"name":"projects/ereport-6f9c3/locations/us-central1/services/-","prompt":"Create 4 operations for an app using the instance schema with proper authentication.","schemas":[{"name":"projects/ereport-6f9c3/locations/us-central1/services/ereport/schemas/main","datasources":[],"source":{"files":[{"path":"schema.gql","content":"type User @table {\n  fullName: String!\n  email: String!\n  role: String!\n  neighborhoodCode: String!\n  phoneNumber: String\n  avatarUrl: String\n}\n\ntype Category @table {\n  name: String!\n  iconUrl: String\n}\n\ntype Report @table {\n  title: String!\n  description: String!\n  latitude: Float!\n  longitude: Float!\n  status: String!\n  createdAt: Timestamp!\n  imageUrl: String\n  resolutionNotes: String\n  reporter: User!\n  category: Category\n}\n\ntype Comment @table {\n  content: String!\n  createdAt: Timestamp!\n  attachmentUrl: String\n  report: Report!\n  author: User!\n}\n\ntype Vote @table {\n  createdAt: Timestamp!\n  report: Report!\n  user: User!\n}"}]}}]}
[debug] [2026-06-22T06:11:50.660Z] >>> [apiv2][query] POST https://firebasedataconnect.googleapis.com/v1/projects/ereport-6f9c3/locations/us-central1/services/-:generateQuery [none]
[debug] [2026-06-22T06:11:50.660Z] >>> [apiv2][body] POST https://firebasedataconnect.googleapis.com/v1/projects/ereport-6f9c3/locations/us-central1/services/-:generateQuery {"name":"projects/ereport-6f9c3/locations/us-central1/services/-","prompt":"Create a mutation to populate the database with some seed data.","schemas":[{"name":"projects/ereport-6f9c3/locations/us-central1/services/ereport/schemas/main","datasources":[],"source":{"files":[{"path":"schema.gql","content":"type User @table {\n  fullName: String!\n  email: String!\n  role: String!\n  neighborhoodCode: String!\n  phoneNumber: String\n  avatarUrl: String\n}\n\ntype Category @table {\n  name: String!\n  iconUrl: String\n}\n\ntype Report @table {\n  title: String!\n  description: String!\n  latitude: Float!\n  longitude: Float!\n  status: String!\n  createdAt: Timestamp!\n  imageUrl: String\n  resolutionNotes: String\n  reporter: User!\n  category: Category\n}\n\ntype Comment @table {\n  content: String!\n  createdAt: Timestamp!\n  attachmentUrl: String\n  report: Report!\n  author: User!\n}\n\ntype Vote @table {\n  createdAt: Timestamp!\n  report: Report!\n  user: User!\n}"}]}}]}
[debug] [2026-06-22T06:11:51.424Z] <<< [apiv2][status] PATCH https://firebasedataconnect.googleapis.com/v1/projects/ereport-6f9c3/locations/us-central1/services/ereport/schemas/main 200
[debug] [2026-06-22T06:11:51.424Z] <<< [apiv2][body] PATCH https://firebasedataconnect.googleapis.com/v1/projects/ereport-6f9c3/locations/us-central1/services/ereport/schemas/main {"name":"projects/ereport-6f9c3/locations/us-central1/operations/operation-1782108710877-654d184a9b927-8c71f323-baf5d5d2","metadata":{"@type":"type.googleapis.com/google.firebase.dataconnect.v1.OperationMetadata","createTime":"2026-06-22T06:11:51.144515448Z","target":"projects/ereport-6f9c3/locations/us-central1/services/ereport/schemas/main","verb":"update","requestedCancellation":false,"apiVersion":"v1"},"done":false}
[debug] [2026-06-22T06:11:51.424Z] Checked if tokens are valid: true, expires at: 1782112172382
[debug] [2026-06-22T06:11:51.425Z] Checked if tokens are valid: true, expires at: 1782112172382
[debug] [2026-06-22T06:11:51.425Z] >>> [apiv2][query] GET https://firebasedataconnect.googleapis.com/v1/projects/ereport-6f9c3/locations/us-central1/operations/operation-1782108710877-654d184a9b927-8c71f323-baf5d5d2 [none]
[debug] [2026-06-22T06:11:51.756Z] <<< [apiv2][status] GET https://firebasedataconnect.googleapis.com/v1/projects/ereport-6f9c3/locations/us-central1/operations/operation-1782108710877-654d184a9b927-8c71f323-baf5d5d2 200
[debug] [2026-06-22T06:11:51.757Z] <<< [apiv2][body] GET https://firebasedataconnect.googleapis.com/v1/projects/ereport-6f9c3/locations/us-central1/operations/operation-1782108710877-654d184a9b927-8c71f323-baf5d5d2 {"name":"projects/ereport-6f9c3/locations/us-central1/operations/operation-1782108710877-654d184a9b927-8c71f323-baf5d5d2","metadata":{"@type":"type.googleapis.com/google.firebase.dataconnect.v1.OperationMetadata","createTime":"2026-06-22T06:11:51.144515448Z","endTime":"2026-06-22T06:11:51.383907175Z","target":"projects/ereport-6f9c3/locations/us-central1/services/ereport/schemas/main","verb":"update","requestedCancellation":false,"apiVersion":"v1"},"done":true,"response":{"@type":"type.googleapis.com/google.firebase.dataconnect.v1.Schema","name":"projects/ereport-6f9c3/locations/us-central1/services/ereport/schemas/main","createTime":"2026-06-22T06:11:51.134160383Z","updateTime":"2026-06-22T06:11:51.134160383Z","source":{"files":[{"path":"schema.gql","content":"type User @table {\n  fullName: String!\n  email: String!\n  role: String!\n  neighborhoodCode: String!\n  phoneNumber: String\n  avatarUrl: String\n}\n\ntype Category @table {\n  name: String!\n  iconUrl: String\n}\n\ntype Report @table {\n  title: String!\n  description: String!\n  latitude: Float!\n  longitude: Float!\n  status: String!\n  createdAt: Timestamp!\n  imageUrl: String\n  resolutionNotes: String\n  reporter: User!\n  category: Category\n}\n\ntype Comment @table {\n  content: String!\n  createdAt: Timestamp!\n  attachmentUrl: String\n  report: Report!\n  author: User!\n}\n\ntype Vote @table {\n  createdAt: Timestamp!\n  report: Report!\n  user: User!\n}"}]},"uid":"ccc0042b-a3bb-4743-adca-3ccb2d99a47f","reconciling":false,"datasources":[{"postgresql":{"database":"fdcdb","cloudSql":{"instance":"projects/ereport-6f9c3/locations/us-central1/instances/ereport-fdc"},"schemaValidation":"NONE","ephemeral":true}}],"etag":"08iSDhFl8yiHktLlI5QnOCsUVtSP10xr67lMHdc03ho"}}
[debug] [2026-06-22T06:11:51.757Z] Checked if tokens are valid: true, expires at: 1782112172382
[debug] [2026-06-22T06:11:51.757Z] Checked if tokens are valid: true, expires at: 1782112172382
[debug] [2026-06-22T06:11:51.757Z] >>> [apiv2][query] PATCH https://firebasedataconnect.googleapis.com/v1/projects/ereport-6f9c3/locations/us-central1/services/ereport/schemas/main allowMissing=true&validateOnly=false
[debug] [2026-06-22T06:11:51.757Z] >>> [apiv2][body] PATCH https://firebasedataconnect.googleapis.com/v1/projects/ereport-6f9c3/locations/us-central1/services/ereport/schemas/main {"name":"projects/ereport-6f9c3/locations/us-central1/services/ereport/schemas/main","datasources":[{"postgresql":{"database":"fdcdb","cloudSql":{"instance":"projects/ereport-6f9c3/locations/us-central1/instances/ereport-fdc"},"schemaMigration":"MIGRATE_COMPATIBLE"}}],"source":{"files":[{"path":"schema.gql","content":"type User @table {\n  fullName: String!\n  email: String!\n  role: String!\n  neighborhoodCode: String!\n  phoneNumber: String\n  avatarUrl: String\n}\n\ntype Category @table {\n  name: String!\n  iconUrl: String\n}\n\ntype Report @table {\n  title: String!\n  description: String!\n  latitude: Float!\n  longitude: Float!\n  status: String!\n  createdAt: Timestamp!\n  imageUrl: String\n  resolutionNotes: String\n  reporter: User!\n  category: Category\n}\n\ntype Comment @table {\n  content: String!\n  createdAt: Timestamp!\n  attachmentUrl: String\n  report: Report!\n  author: User!\n}\n\ntype Vote @table {\n  createdAt: Timestamp!\n  report: Report!\n  user: User!\n}"}]}}
[debug] [2026-06-22T06:11:52.133Z] <<< [apiv2][status] POST https://firebasedataconnect.googleapis.com/v1/projects/ereport-6f9c3/locations/us-central1/services/-:generateQuery 200
[debug] [2026-06-22T06:11:52.133Z] <<< [apiv2][body] POST https://firebasedataconnect.googleapis.com/v1/projects/ereport-6f9c3/locations/us-central1/services/-:generateQuery [stream]
[debug] [2026-06-22T06:11:52.140Z] <<< [apiv2][status] POST https://firebasedataconnect.googleapis.com/v1/projects/ereport-6f9c3/locations/us-central1/services/-:generateQuery 200
[debug] [2026-06-22T06:11:52.140Z] <<< [apiv2][body] POST https://firebasedataconnect.googleapis.com/v1/projects/ereport-6f9c3/locations/us-central1/services/-:generateQuery [stream]
[debug] [2026-06-22T06:11:52.506Z] <<< [apiv2][status] PATCH https://firebasedataconnect.googleapis.com/v1/projects/ereport-6f9c3/locations/us-central1/services/ereport/schemas/main 200
[debug] [2026-06-22T06:11:52.506Z] <<< [apiv2][body] PATCH https://firebasedataconnect.googleapis.com/v1/projects/ereport-6f9c3/locations/us-central1/services/ereport/schemas/main {"name":"projects/ereport-6f9c3/locations/us-central1/operations/operation-1782108711979-654d184ba89f0-f14d75fa-4d2d1e1d","metadata":{"@type":"type.googleapis.com/google.firebase.dataconnect.v1.OperationMetadata","createTime":"2026-06-22T06:11:52.294991783Z","target":"projects/ereport-6f9c3/locations/us-central1/services/ereport/schemas/main","verb":"update","requestedCancellation":false,"apiVersion":"v1"},"done":false}
[debug] [2026-06-22T06:11:52.507Z] Checked if tokens are valid: true, expires at: 1782112172382
[debug] [2026-06-22T06:11:52.507Z] Checked if tokens are valid: true, expires at: 1782112172382
[debug] [2026-06-22T06:11:52.507Z] >>> [apiv2][query] GET https://firebasedataconnect.googleapis.com/v1/projects/ereport-6f9c3/locations/us-central1/operations/operation-1782108711979-654d184ba89f0-f14d75fa-4d2d1e1d [none]
[debug] [2026-06-22T06:11:52.837Z] <<< [apiv2][status] GET https://firebasedataconnect.googleapis.com/v1/projects/ereport-6f9c3/locations/us-central1/operations/operation-1782108711979-654d184ba89f0-f14d75fa-4d2d1e1d 200
[debug] [2026-06-22T06:11:52.838Z] <<< [apiv2][body] GET https://firebasedataconnect.googleapis.com/v1/projects/ereport-6f9c3/locations/us-central1/operations/operation-1782108711979-654d184ba89f0-f14d75fa-4d2d1e1d {"name":"projects/ereport-6f9c3/locations/us-central1/operations/operation-1782108711979-654d184ba89f0-f14d75fa-4d2d1e1d","metadata":{"@type":"type.googleapis.com/google.firebase.dataconnect.v1.OperationMetadata","createTime":"2026-06-22T06:11:52.294991783Z","target":"projects/ereport-6f9c3/locations/us-central1/services/ereport/schemas/main","verb":"update","requestedCancellation":false,"apiVersion":"v1"},"done":false}
[debug] [2026-06-22T06:11:53.339Z] [LRO Poller] Retrying task index 0
[debug] [2026-06-22T06:11:53.340Z] Checked if tokens are valid: true, expires at: 1782112172382
[debug] [2026-06-22T06:11:53.340Z] Checked if tokens are valid: true, expires at: 1782112172382
[debug] [2026-06-22T06:11:53.340Z] >>> [apiv2][query] GET https://firebasedataconnect.googleapis.com/v1/projects/ereport-6f9c3/locations/us-central1/operations/operation-1782108711979-654d184ba89f0-f14d75fa-4d2d1e1d [none]
[debug] [2026-06-22T06:11:53.737Z] <<< [apiv2][status] GET https://firebasedataconnect.googleapis.com/v1/projects/ereport-6f9c3/locations/us-central1/operations/operation-1782108711979-654d184ba89f0-f14d75fa-4d2d1e1d 200
[debug] [2026-06-22T06:11:53.737Z] <<< [apiv2][body] GET https://firebasedataconnect.googleapis.com/v1/projects/ereport-6f9c3/locations/us-central1/operations/operation-1782108711979-654d184ba89f0-f14d75fa-4d2d1e1d {"name":"projects/ereport-6f9c3/locations/us-central1/operations/operation-1782108711979-654d184ba89f0-f14d75fa-4d2d1e1d","metadata":{"@type":"type.googleapis.com/google.firebase.dataconnect.v1.OperationMetadata","createTime":"2026-06-22T06:11:52.294991783Z","target":"projects/ereport-6f9c3/locations/us-central1/services/ereport/schemas/main","verb":"update","requestedCancellation":false,"apiVersion":"v1"},"done":false}
[debug] [2026-06-22T06:11:54.744Z] [LRO Poller] Retrying task index 0
[debug] [2026-06-22T06:11:54.745Z] Checked if tokens are valid: true, expires at: 1782112172382
[debug] [2026-06-22T06:11:54.745Z] Checked if tokens are valid: true, expires at: 1782112172382
[debug] [2026-06-22T06:11:54.745Z] >>> [apiv2][query] GET https://firebasedataconnect.googleapis.com/v1/projects/ereport-6f9c3/locations/us-central1/operations/operation-1782108711979-654d184ba89f0-f14d75fa-4d2d1e1d [none]
[debug] [2026-06-22T06:11:55.078Z] <<< [apiv2][status] GET https://firebasedataconnect.googleapis.com/v1/projects/ereport-6f9c3/locations/us-central1/operations/operation-1782108711979-654d184ba89f0-f14d75fa-4d2d1e1d 200
[debug] [2026-06-22T06:11:55.079Z] <<< [apiv2][body] GET https://firebasedataconnect.googleapis.com/v1/projects/ereport-6f9c3/locations/us-central1/operations/operation-1782108711979-654d184ba89f0-f14d75fa-4d2d1e1d {"name":"projects/ereport-6f9c3/locations/us-central1/operations/operation-1782108711979-654d184ba89f0-f14d75fa-4d2d1e1d","metadata":{"@type":"type.googleapis.com/google.firebase.dataconnect.v1.OperationMetadata","createTime":"2026-06-22T06:11:52.294991783Z","target":"projects/ereport-6f9c3/locations/us-central1/services/ereport/schemas/main","verb":"update","requestedCancellation":false,"apiVersion":"v1"},"done":false}
[debug] [2026-06-22T06:11:57.086Z] [LRO Poller] Retrying task index 0
[debug] [2026-06-22T06:11:57.087Z] Checked if tokens are valid: true, expires at: 1782112172382
[debug] [2026-06-22T06:11:57.087Z] Checked if tokens are valid: true, expires at: 1782112172382
[debug] [2026-06-22T06:11:57.087Z] >>> [apiv2][query] GET https://firebasedataconnect.googleapis.com/v1/projects/ereport-6f9c3/locations/us-central1/operations/operation-1782108711979-654d184ba89f0-f14d75fa-4d2d1e1d [none]
[debug] [2026-06-22T06:11:57.459Z] <<< [apiv2][status] GET https://firebasedataconnect.googleapis.com/v1/projects/ereport-6f9c3/locations/us-central1/operations/operation-1782108711979-654d184ba89f0-f14d75fa-4d2d1e1d 200
[debug] [2026-06-22T06:11:57.459Z] <<< [apiv2][body] GET https://firebasedataconnect.googleapis.com/v1/projects/ereport-6f9c3/locations/us-central1/operations/operation-1782108711979-654d184ba89f0-f14d75fa-4d2d1e1d {"name":"projects/ereport-6f9c3/locations/us-central1/operations/operation-1782108711979-654d184ba89f0-f14d75fa-4d2d1e1d","metadata":{"@type":"type.googleapis.com/google.firebase.dataconnect.v1.OperationMetadata","createTime":"2026-06-22T06:11:52.294991783Z","target":"projects/ereport-6f9c3/locations/us-central1/services/ereport/schemas/main","verb":"update","requestedCancellation":false,"apiVersion":"v1"},"done":false}
[info] +  Wrote dataconnect\dataconnect.yaml 
[info] +  Wrote dataconnect\seed_data.gql 
[info] +  Wrote dataconnect\schema\schema.gql 
[info] +  Wrote dataconnect\example\connector.yaml 
[info] +  Wrote dataconnect\example\queries.gql 
[info] +  Wrote dataconnect\example\connector.yaml 
[info] i  dataconnect: Installing the generated SDKs ... 
[info] i  dataconnect: downloading dataconnect-emulator-3.4.12.exe... {"metadata":{"emulator":{"name":"dataconnect"},"message":"downloading dataconnect-emulator-3.4.12.exe..."}}
[debug] [2026-06-22T06:12:00.686Z] >>> [apiv2][query] GET https://storage.googleapis.com/firemat-preview-drop/emulator/dataconnect-emulator-windows-amd64-v3.4.12 
[debug] [2026-06-22T06:12:00.966Z] <<< [apiv2][status] GET https://storage.googleapis.com/firemat-preview-drop/emulator/dataconnect-emulator-windows-amd64-v3.4.12 200
[debug] [2026-06-22T06:12:00.966Z] <<< [apiv2][body] GET https://storage.googleapis.com/firemat-preview-drop/emulator/dataconnect-emulator-windows-amd64-v3.4.12 [stream]
[debug] [2026-06-22T06:12:01.459Z] [LRO Poller] Retrying task index 0
[debug] [2026-06-22T06:12:01.459Z] Checked if tokens are valid: true, expires at: 1782112172382
[debug] [2026-06-22T06:12:01.459Z] Checked if tokens are valid: true, expires at: 1782112172382
[debug] [2026-06-22T06:12:01.460Z] >>> [apiv2][query] GET https://firebasedataconnect.googleapis.com/v1/projects/ereport-6f9c3/locations/us-central1/operations/operation-1782108711979-654d184ba89f0-f14d75fa-4d2d1e1d [none]
[debug] [2026-06-22T06:12:03.070Z] <<< [apiv2][status] GET https://firebasedataconnect.googleapis.com/v1/projects/ereport-6f9c3/locations/us-central1/operations/operation-1782108711979-654d184ba89f0-f14d75fa-4d2d1e1d 200
[debug] [2026-06-22T06:12:03.070Z] <<< [apiv2][body] GET https://firebasedataconnect.googleapis.com/v1/projects/ereport-6f9c3/locations/us-central1/operations/operation-1782108711979-654d184ba89f0-f14d75fa-4d2d1e1d {"name":"projects/ereport-6f9c3/locations/us-central1/operations/operation-1782108711979-654d184ba89f0-f14d75fa-4d2d1e1d","metadata":{"@type":"type.googleapis.com/google.firebase.dataconnect.v1.OperationMetadata","createTime":"2026-06-22T06:11:52.294991783Z","target":"projects/ereport-6f9c3/locations/us-central1/services/ereport/schemas/main","verb":"update","requestedCancellation":false,"apiVersion":"v1"},"done":false}
[debug] [2026-06-22T06:12:04.952Z] defaultcredentials: writing to file C:\Users\Rickyy\AppData\Roaming\firebase\putrilaras584_gmail_com_application_default_credentials.json
[error] !!  dataconnect: Failed to generate SQL Connect SDKs
Command failed with exit code 1 
[info] +  dataconnect: Installed generated SDKs for . (web) 
[info] 
=== Firestore Setup
[info] i  firestore: ensuring required API firestore.googleapis.com is enabled... 
[debug] [2026-06-22T06:12:05.121Z] Checked if tokens are valid: true, expires at: 1782112172382
[debug] [2026-06-22T06:12:05.121Z] Checked if tokens are valid: true, expires at: 1782112172382
[debug] [2026-06-22T06:12:05.122Z] >>> [apiv2][query] GET https://serviceusage.googleapis.com/v1/projects/ereport-6f9c3/services/firestore.googleapis.com [none]
[debug] [2026-06-22T06:12:05.122Z] >>> [apiv2][(partial)header] GET https://serviceusage.googleapis.com/v1/projects/ereport-6f9c3/services/firestore.googleapis.com  x-goog-user-project=ereport-6f9c3
[debug] [2026-06-22T06:12:06.734Z] <<< [apiv2][status] GET https://serviceusage.googleapis.com/v1/projects/ereport-6f9c3/services/firestore.googleapis.com 200
[debug] [2026-06-22T06:12:06.734Z] <<< [apiv2][body] GET https://serviceusage.googleapis.com/v1/projects/ereport-6f9c3/services/firestore.googleapis.com [omitted]
[warn] !  firestore: missing required API firestore.googleapis.com. Enabling now... 
[debug] [2026-06-22T06:12:06.735Z] Checked if tokens are valid: true, expires at: 1782112172382
[debug] [2026-06-22T06:12:06.735Z] Checked if tokens are valid: true, expires at: 1782112172382
[debug] [2026-06-22T06:12:06.736Z] >>> [apiv2][query] POST https://serviceusage.googleapis.com/v1/projects/ereport-6f9c3/services/firestore.googleapis.com:enable [none]
[debug] [2026-06-22T06:12:06.736Z] >>> [apiv2][(partial)header] POST https://serviceusage.googleapis.com/v1/projects/ereport-6f9c3/services/firestore.googleapis.com:enable  x-goog-user-project=ereport-6f9c3
[debug] [2026-06-22T06:12:07.255Z] <<< [apiv2][status] POST https://serviceusage.googleapis.com/v1/projects/ereport-6f9c3/services/firestore.googleapis.com:enable 200
[debug] [2026-06-22T06:12:07.255Z] <<< [apiv2][body] POST https://serviceusage.googleapis.com/v1/projects/ereport-6f9c3/services/firestore.googleapis.com:enable [omitted]
[debug] [2026-06-22T06:12:11.086Z] [LRO Poller] Retrying task index 0
[debug] [2026-06-22T06:12:11.088Z] Checked if tokens are valid: true, expires at: 1782112172382
[debug] [2026-06-22T06:12:11.089Z] Checked if tokens are valid: true, expires at: 1782112172382
[debug] [2026-06-22T06:12:11.089Z] >>> [apiv2][query] GET https://firebasedataconnect.googleapis.com/v1/projects/ereport-6f9c3/locations/us-central1/operations/operation-1782108711979-654d184ba89f0-f14d75fa-4d2d1e1d [none]
[debug] [2026-06-22T06:12:12.678Z] <<< [apiv2][status] GET https://firebasedataconnect.googleapis.com/v1/projects/ereport-6f9c3/locations/us-central1/operations/operation-1782108711979-654d184ba89f0-f14d75fa-4d2d1e1d 200
[debug] [2026-06-22T06:12:12.678Z] <<< [apiv2][body] GET https://firebasedataconnect.googleapis.com/v1/projects/ereport-6f9c3/locations/us-central1/operations/operation-1782108711979-654d184ba89f0-f14d75fa-4d2d1e1d {"name":"projects/ereport-6f9c3/locations/us-central1/operations/operation-1782108711979-654d184ba89f0-f14d75fa-4d2d1e1d","metadata":{"@type":"type.googleapis.com/google.firebase.dataconnect.v1.OperationMetadata","createTime":"2026-06-22T06:11:52.294991783Z","target":"projects/ereport-6f9c3/locations/us-central1/services/ereport/schemas/main","verb":"update","requestedCancellation":false,"apiVersion":"v1"},"done":false}
[debug] [2026-06-22T06:12:17.283Z] Checked if tokens are valid: true, expires at: 1782112172382
[debug] [2026-06-22T06:12:17.283Z] Checked if tokens are valid: true, expires at: 1782112172382
[debug] [2026-06-22T06:12:17.283Z] >>> [apiv2][query] GET https://firestore.googleapis.com/v1/projects/ereport-6f9c3/databases [none]
[debug] [2026-06-22T06:12:17.920Z] <<< [apiv2][status] GET https://firestore.googleapis.com/v1/projects/ereport-6f9c3/databases 200
[debug] [2026-06-22T06:12:17.920Z] <<< [apiv2][body] GET https://firestore.googleapis.com/v1/projects/ereport-6f9c3/databases {}
[debug] [2026-06-22T06:12:17.921Z] Checked if tokens are valid: true, expires at: 1782112172382
[debug] [2026-06-22T06:12:17.921Z] Checked if tokens are valid: true, expires at: 1782112172382
[debug] [2026-06-22T06:12:17.921Z] >>> [apiv2][query] GET https://firestore.googleapis.com/v1/projects/ereport-6f9c3/locations [none]
[debug] [2026-06-22T06:12:18.222Z] <<< [apiv2][status] GET https://firestore.googleapis.com/v1/projects/ereport-6f9c3/locations 200
[debug] [2026-06-22T06:12:18.222Z] <<< [apiv2][body] GET https://firestore.googleapis.com/v1/projects/ereport-6f9c3/locations {"locations":[{"name":"projects/ereport-6f9c3/locations/eur3","labels":{"appengine.googleapis.com/geo":"europe-west","cloud.googleapis.com/location":"eur3","cloud.googleapis.com/geo":"eur3"},"metadata":{"@type":"type.googleapis.com/google.firestore.admin.v1.LocationMetadata"},"locationId":"eur3","displayName":"Europe"},{"name":"projects/ereport-6f9c3/locations/nam5","labels":{"appengine.googleapis.com/geo":"us-central","cloud.googleapis.com/location":"nam5","cloud.googleapis.com/geo":"nam5"},"metadata":{"@type":"type.googleapis.com/google.firestore.admin.v1.LocationMetadata"},"locationId":"nam5","displayName":"United States"},{"name":"projects/ereport-6f9c3/locations/nam7","labels":{"cloud.googleapis.com/location":"nam7","cloud.googleapis.com/geo":"nam7"},"metadata":{"@type":"type.googleapis.com/google.firestore.admin.v1.LocationMetadata"},"locationId":"nam7","displayName":"United States"},{"name":"projects/ereport-6f9c3/locations/africa-south1","labels":{"cloud.googleapis.com/location":"africa-south1","cloud.googleapis.com/region":"africa-south1"},"metadata":{"@type":"type.googleapis.com/google.firestore.admin.v1.LocationMetadata"},"locationId":"africa-south1","displayName":"Johannesburg"},{"name":"projects/ereport-6f9c3/locations/asia-east1","labels":{"appengine.googleapis.com/region":"asia-east1","cloud.googleapis.com/location":"asia-east1","cloud.googleapis.com/region":"asia-east1"},"metadata":{"@type":"type.googleapis.com/google.firestore.admin.v1.LocationMetadata"},"locationId":"asia-east1","displayName":"Taiwan"},{"name":"projects/ereport-6f9c3/locations/asia-east2","labels":{"appengine.googleapis.com/region":"asia-east2","cloud.googleapis.com/location":"asia-east2","cloud.googleapis.com/region":"asia-east2"},"metadata":{"@type":"type.googleapis.com/google.firestore.admin.v1.LocationMetadata"},"locationId":"asia-east2","displayName":"Hong Kong"},{"name":"projects/ereport-6f9c3/locations/asia-northeast1","labels":{"appengine.googleapis.com/region":"asia-northeast1","cloud.googleapis.com/location":"asia-northeast1","cloud.googleapis.com/region":"asia-northeast1"},"metadata":{"@type":"type.googleapis.com/google.firestore.admin.v1.LocationMetadata"},"locationId":"asia-northeast1","displayName":"Tokyo"},{"name":"projects/ereport-6f9c3/locations/asia-northeast2","labels":{"appengine.googleapis.com/region":"asia-northeast2","cloud.googleapis.com/location":"asia-northeast2","cloud.googleapis.com/region":"asia-northeast2"},"metadata":{"@type":"type.googleapis.com/google.firestore.admin.v1.LocationMetadata"},"locationId":"asia-northeast2","displayName":"Osaka"},{"name":"projects/ereport-6f9c3/locations/asia-northeast3","labels":{"appengine.googleapis.com/region":"asia-northeast3","cloud.googleapis.com/location":"asia-northeast3","cloud.googleapis.com/region":"asia-northeast3"},"metadata":{"@type":"type.googleapis.com/google.firestore.admin.v1.LocationMetadata"},"locationId":"asia-northeast3","displayName":"Seoul"},{"name":"projects/ereport-6f9c3/locations/asia-south1","labels":{"appengine.googleapis.com/region":"asia-south1","cloud.googleapis.com/location":"asia-south1","cloud.googleapis.com/region":"asia-south1"},"metadata":{"@type":"type.googleapis.com/google.firestore.admin.v1.LocationMetadata"},"locationId":"asia-south1","displayName":"Mumbai"},{"name":"projects/ereport-6f9c3/locations/asia-south2","labels":{"cloud.googleapis.com/location":"asia-south2","cloud.googleapis.com/region":"asia-south2"},"metadata":{"@type":"type.googleapis.com/google.firestore.admin.v1.LocationMetadata"},"locationId":"asia-south2","displayName":"Delhi"},{"name":"projects/ereport-6f9c3/locations/asia-southeast1","labels":{"appengine.googleapis.com/region":"asia-southeast1","cloud.googleapis.com/location":"asia-southeast1","cloud.googleapis.com/region":"asia-southeast1"},"metadata":{"@type":"type.googleapis.com/google.firestore.admin.v1.LocationMetadata"},"locationId":"asia-southeast1","displayName":"Singapore"},{"name":"projects/ereport-6f9c3/locations/asia-southeast2","labels":{"appengine.googleapis.com/region":"asia-southeast2","cloud.googleapis.com/location":"asia-southeast2","cloud.googleapis.com/region":"asia-southeast2"},"metadata":{"@type":"type.googleapis.com/google.firestore.admin.v1.LocationMetadata"},"locationId":"asia-southeast2","displayName":"Jakarta"},{"name":"projects/ereport-6f9c3/locations/asia-southeast3","labels":{"cloud.googleapis.com/location":"asia-southeast3","cloud.googleapis.com/region":"asia-southeast3"},"metadata":{"@type":"type.googleapis.com/google.firestore.admin.v1.LocationMetadata"},"locationId":"asia-southeast3","displayName":"Bangkok"},{"name":"projects/ereport-6f9c3/locations/australia-southeast1","labels":{"appengine.googleapis.com/region":"australia-southeast1","cloud.googleapis.com/location":"australia-southeast1","cloud.googleapis.com/region":"australia-southeast1"},"metadata":{"@type":"type.googleapis.com/google.firestore.admin.v1.LocationMetadata"},"locationId":"australia-southeast1","displayName":"Sydney"},{"name":"projects/ereport-6f9c3/locations/australia-southeast2","labels":{"cloud.googleapis.com/location":"australia-southeast2","cloud.googleapis.com/region":"australia-southeast2"},"metadata":{"@type":"type.googleapis.com/google.firestore.admin.v1.LocationMetadata"},"locationId":"australia-southeast2","displayName":"Melbourne"},{"name":"projects/ereport-6f9c3/locations/europe-central2","labels":{"appengine.googleapis.com/region":"europe-central2","cloud.googleapis.com/location":"europe-central2","cloud.googleapis.com/region":"europe-central2"},"metadata":{"@type":"type.googleapis.com/google.firestore.admin.v1.LocationMetadata"},"locationId":"europe-central2","displayName":"Warsaw"},{"name":"projects/ereport-6f9c3/locations/europe-north1","labels":{"cloud.googleapis.com/location":"europe-north1","cloud.googleapis.com/region":"europe-north1"},"metadata":{"@type":"type.googleapis.com/google.firestore.admin.v1.LocationMetadata"},"locationId":"europe-north1","displayName":"Finland"},{"name":"projects/ereport-6f9c3/locations/europe-north2","labels":{"cloud.googleapis.com/location":"europe-north2","cloud.googleapis.com/region":"europe-north2"},"metadata":{"@type":"type.googleapis.com/google.firestore.admin.v1.LocationMetadata"},"locationId":"europe-north2","displayName":"Stockholm"},{"name":"projects/ereport-6f9c3/locations/europe-southwest1","labels":{"cloud.googleapis.com/location":"europe-southwest1","cloud.googleapis.com/region":"europe-southwest1"},"metadata":{"@type":"type.googleapis.com/google.firestore.admin.v1.LocationMetadata"},"locationId":"europe-southwest1","displayName":"Madrid"},{"name":"projects/ereport-6f9c3/locations/europe-west1","labels":{"cloud.googleapis.com/location":"europe-west1","cloud.googleapis.com/region":"europe-west1"},"metadata":{"@type":"type.googleapis.com/google.firestore.admin.v1.LocationMetadata"},"locationId":"europe-west1","displayName":"Belgium"},{"name":"projects/ereport-6f9c3/locations/europe-west10","labels":{"cloud.googleapis.com/location":"europe-west10","cloud.googleapis.com/region":"europe-west10"},"metadata":{"@type":"type.googleapis.com/google.firestore.admin.v1.LocationMetadata"},"locationId":"europe-west10","displayName":"Berlin"},{"name":"projects/ereport-6f9c3/locations/europe-west12","labels":{"cloud.googleapis.com/location":"europe-west12","cloud.googleapis.com/region":"europe-west12"},"metadata":{"@type":"type.googleapis.com/google.firestore.admin.v1.LocationMetadata"},"locationId":"europe-west12","displayName":"Turin"},{"name":"projects/ereport-6f9c3/locations/europe-west2","labels":{"appengine.googleapis.com/region":"europe-west2","cloud.googleapis.com/location":"europe-west2","cloud.googleapis.com/region":"europe-west2"},"metadata":{"@type":"type.googleapis.com/google.firestore.admin.v1.LocationMetadata"},"locationId":"europe-west2","displayName":"London"},{"name":"projects/ereport-6f9c3/locations/europe-west3","labels":{"appengine.googleapis.com/region":"europe-west3","cloud.googleapis.com/location":"europe-west3","cloud.googleapis.com/region":"europe-west3"},"metadata":{"@type":"type.googleapis.com/google.firestore.admin.v1.LocationMetadata"},"locationId":"europe-west3","displayName":"Frankfurt"},{"name":"projects/ereport-6f9c3/locations/europe-west4","labels":{"cloud.googleapis.com/location":"europe-west4","cloud.googleapis.com/region":"europe-west4"},"metadata":{"@type":"type.googleapis.com/google.firestore.admin.v1.LocationMetadata"},"locationId":"europe-west4","displayName":"Netherlands"},{"name":"projects/ereport-6f9c3/locations/europe-west6","labels":{"appengine.googleapis.com/region":"europe-west6","cloud.googleapis.com/location":"europe-west6","cloud.googleapis.com/region":"europe-west6"},"metadata":{"@type":"type.googleapis.com/google.firestore.admin.v1.LocationMetadata"},"locationId":"europe-west6","displayName":"Zurich"},{"name":"projects/ereport-6f9c3/locations/europe-west8","labels":{"cloud.googleapis.com/location":"europe-west8","cloud.googleapis.com/region":"europe-west8"},"metadata":{"@type":"type.googleapis.com/google.firestore.admin.v1.LocationMetadata"},"locationId":"europe-west8","displayName":"Milan"},{"name":"projects/ereport-6f9c3/locations/europe-west9","labels":{"cloud.googleapis.com/location":"europe-west9","cloud.googleapis.com/region":"europe-west9"},"metadata":{"@type":"type.googleapis.com/google.firestore.admin.v1.LocationMetadata"},"locationId":"europe-west9","displayName":"Paris"},{"name":"projects/ereport-6f9c3/locations/me-central1","labels":{"cloud.googleapis.com/location":"me-central1","cloud.googleapis.com/region":"me-central1"},"metadata":{"@type":"type.googleapis.com/google.firestore.admin.v1.LocationMetadata"},"locationId":"me-central1","displayName":"Doha"},{"name":"projects/ereport-6f9c3/locations/me-central2","labels":{"cloud.googleapis.com/location":"me-central2","cloud.googleapis.com/region":"me-central2"},"metadata":{"@type":"type.googleapis.com/google.firestore.admin.v1.LocationMetadata"},"locationId":"me-central2","displayName":"Dammam"},{"name":"projects/ereport-6f9c3/locations/me-west1","labels":{"cloud.googleapis.com/location":"me-west1","cloud.googleapis.com/region":"me-west1"},"metadata":{"@type":"type.googleapis.com/google.firestore.admin.v1.LocationMetadata"},"locationId":"me-west1","displayName":"Tel Aviv"},{"name":"projects/ereport-6f9c3/locations/northamerica-northeast1","labels":{"appengine.googleapis.com/region":"northamerica-northeast1","cloud.googleapis.com/location":"northamerica-northeast1","cloud.googleapis.com/region":"northamerica-northeast1"},"metadata":{"@type":"type.googleapis.com/google.firestore.admin.v1.LocationMetadata"},"locationId":"northamerica-northeast1","displayName":"Montréal"},{"name":"projects/ereport-6f9c3/locations/northamerica-northeast2","labels":{"cloud.googleapis.com/location":"northamerica-northeast2","cloud.googleapis.com/region":"northamerica-northeast2"},"metadata":{"@type":"type.googleapis.com/google.firestore.admin.v1.LocationMetadata"},"locationId":"northamerica-northeast2","displayName":"Toronto"},{"name":"projects/ereport-6f9c3/locations/northamerica-south1","labels":{"cloud.googleapis.com/location":"northamerica-south1","cloud.googleapis.com/region":"northamerica-south1"},"metadata":{"@type":"type.googleapis.com/google.firestore.admin.v1.LocationMetadata"},"locationId":"northamerica-south1","displayName":"Mexico"},{"name":"projects/ereport-6f9c3/locations/southamerica-east1","labels":{"appengine.googleapis.com/region":"southamerica-east1","cloud.googleapis.com/location":"southamerica-east1","cloud.googleapis.com/region":"southamerica-east1"},"metadata":{"@type":"type.googleapis.com/google.firestore.admin.v1.LocationMetadata"},"locationId":"southamerica-east1","displayName":"São Paulo"},{"name":"projects/ereport-6f9c3/locations/southamerica-west1","labels":{"cloud.googleapis.com/location":"southamerica-west1","cloud.googleapis.com/region":"southamerica-west1"},"metadata":{"@type":"type.googleapis.com/google.firestore.admin.v1.LocationMetadata"},"locationId":"southamerica-west1","displayName":"Santiago"},{"name":"projects/ereport-6f9c3/locations/us-central1","labels":{"cloud.googleapis.com/location":"us-central1","cloud.googleapis.com/region":"us-central1"},"metadata":{"@type":"type.googleapis.com/google.firestore.admin.v1.LocationMetadata"},"locationId":"us-central1","displayName":"Iowa"},{"name":"projects/ereport-6f9c3/locations/us-east1","labels":{"appengine.googleapis.com/region":"us-east1","cloud.googleapis.com/location":"us-east1","cloud.googleapis.com/region":"us-east1"},"metadata":{"@type":"type.googleapis.com/google.firestore.admin.v1.LocationMetadata"},"locationId":"us-east1","displayName":"South Carolina"},{"name":"projects/ereport-6f9c3/locations/us-east4","labels":{"appengine.googleapis.com/region":"us-east4","cloud.googleapis.com/location":"us-east4","cloud.googleapis.com/region":"us-east4"},"metadata":{"@type":"type.googleapis.com/google.firestore.admin.v1.LocationMetadata"},"locationId":"us-east4","displayName":"Northern Virginia"},{"name":"projects/ereport-6f9c3/locations/us-east5","labels":{"cloud.googleapis.com/location":"us-east5","cloud.googleapis.com/region":"us-east5"},"metadata":{"@type":"type.googleapis.com/google.firestore.admin.v1.LocationMetadata"},"locationId":"us-east5","displayName":"Columbus"},{"name":"projects/ereport-6f9c3/locations/us-south1","labels":{"cloud.googleapis.com/location":"us-south1","cloud.googleapis.com/region":"us-south1"},"metadata":{"@type":"type.googleapis.com/google.firestore.admin.v1.LocationMetadata"},"locationId":"us-south1","displayName":"Dallas"},{"name":"projects/ereport-6f9c3/locations/us-west1","labels":{"appengine.googleapis.com/region":"us-west1","cloud.googleapis.com/location":"us-west1","cloud.googleapis.com/region":"us-west1"},"metadata":{"@type":"type.googleapis.com/google.firestore.admin.v1.LocationMetadata"},"locationId":"us-west1","displayName":"Oregon"},{"name":"projects/ereport-6f9c3/locations/us-west2","labels":{"appengine.googleapis.com/region":"us-west2","cloud.googleapis.com/location":"us-west2","cloud.googleapis.com/region":"us-west2"},"metadata":{"@type":"type.googleapis.com/google.firestore.admin.v1.LocationMetadata"},"locationId":"us-west2","displayName":"Los Angeles"},{"name":"projects/ereport-6f9c3/locations/us-west3","labels":{"appengine.googleapis.com/region":"us-west3","cloud.googleapis.com/location":"us-west3","cloud.googleapis.com/region":"us-west3"},"metadata":{"@type":"type.googleapis.com/google.firestore.admin.v1.LocationMetadata"},"locationId":"us-west3","displayName":"Salt Lake City"},{"name":"projects/ereport-6f9c3/locations/us-west4","labels":{"appengine.googleapis.com/region":"us-west4","cloud.googleapis.com/location":"us-west4","cloud.googleapis.com/region":"us-west4"},"metadata":{"@type":"type.googleapis.com/google.firestore.admin.v1.LocationMetadata"},"locationId":"us-west4","displayName":"Las Vegas"}]}
[debug] [2026-06-22T06:12:28.688Z] [LRO Poller] Retrying task index 0
[debug] [2026-06-22T06:12:28.689Z] Checked if tokens are valid: true, expires at: 1782112172382
[debug] [2026-06-22T06:12:28.689Z] Checked if tokens are valid: true, expires at: 1782112172382
[debug] [2026-06-22T06:12:28.689Z] >>> [apiv2][query] GET https://firebasedataconnect.googleapis.com/v1/projects/ereport-6f9c3/locations/us-central1/operations/operation-1782108711979-654d184ba89f0-f14d75fa-4d2d1e1d [none]
[debug] [2026-06-22T06:12:30.137Z] <<< [apiv2][status] GET https://firebasedataconnect.googleapis.com/v1/projects/ereport-6f9c3/locations/us-central1/operations/operation-1782108711979-654d184ba89f0-f14d75fa-4d2d1e1d 200
[debug] [2026-06-22T06:12:30.137Z] <<< [apiv2][body] GET https://firebasedataconnect.googleapis.com/v1/projects/ereport-6f9c3/locations/us-central1/operations/operation-1782108711979-654d184ba89f0-f14d75fa-4d2d1e1d {"name":"projects/ereport-6f9c3/locations/us-central1/operations/operation-1782108711979-654d184ba89f0-f14d75fa-4d2d1e1d","metadata":{"@type":"type.googleapis.com/google.firebase.dataconnect.v1.OperationMetadata","createTime":"2026-06-22T06:11:52.294991783Z","target":"projects/ereport-6f9c3/locations/us-central1/services/ereport/schemas/main","verb":"update","requestedCancellation":false,"apiVersion":"v1"},"done":false}
